<?xml version="1.0" encoding="UTF-8"?>
<testng-results ignored="0" total="5" passed="5" failed="0" skipped="0">
  <reporter-output>
  </reporter-output>
  <suite started-at="2024-07-30T17:39:34 BST" name="Default suite" finished-at="2024-07-30T17:39:40 BST" duration-ms="5764">
    <groups>
    </groups>
    <test started-at="2024-07-30T17:39:34 BST" name="Default test" finished-at="2024-07-30T17:39:40 BST" duration-ms="5764">
      <class name="Tests.TestMethods">
        <test-method is-config="true" signature="beforeTest()[pri:0, instance:Tests.TestMethods@f2ff811]" started-at="2024-07-30T17:39:34 BST" name="beforeTest" finished-at="2024-07-30T17:39:38 BST" duration-ms="3616" status="PASS">
          <reporter-output>
          </reporter-output>
        </test-method> <!-- beforeTest -->
        <test-method signature="Shopping()[pri:1, instance:Tests.TestMethods@f2ff811]" started-at="2024-07-30T17:39:38 BST" name="Shopping" finished-at="2024-07-30T17:39:38 BST" duration-ms="393" status="PASS">
          <reporter-output>
          </reporter-output>
        </test-method> <!-- Shopping -->
        <test-method signature="AddingItems()[pri:2, instance:Tests.TestMethods@f2ff811]" started-at="2024-07-30T17:39:38 BST" name="AddingItems" finished-at="2024-07-30T17:39:38 BST" duration-ms="281" status="PASS">
          <reporter-output>
          </reporter-output>
        </test-method> <!-- AddingItems -->
        <test-method signature="Cart()[pri:3, instance:Tests.TestMethods@f2ff811]" started-at="2024-07-30T17:39:38 BST" name="Cart" finished-at="2024-07-30T17:39:39 BST" duration-ms="134" status="PASS">
          <reporter-output>
          </reporter-output>
        </test-method> <!-- Cart -->
        <test-method signature="checkout()[pri:4, instance:Tests.TestMethods@f2ff811]" started-at="2024-07-30T17:39:39 BST" name="checkout" finished-at="2024-07-30T17:39:40 BST" duration-ms="993" status="PASS">
          <reporter-output>
          </reporter-output>
        </test-method> <!-- checkout -->
        <test-method signature="Finish()[pri:5, instance:Tests.TestMethods@f2ff811]" started-at="2024-07-30T17:39:40 BST" name="Finish" finished-at="2024-07-30T17:39:40 BST" duration-ms="278" status="PASS">
          <reporter-output>
          </reporter-output>
        </test-method> <!-- Finish -->
      </class> <!-- Tests.TestMethods -->
    </test> <!-- Default test -->
  </suite> <!-- Default suite -->
</testng-results>
