<?xml version="1.0" encoding="UTF-8"?>
<!-- Generated by org.testng.reporters.JUnitXMLReporter -->
<testsuite ignored="0" hostname="AMALITECH-PC-10199" failures="0" tests="5" name="Default test" time="5.764" errors="0" timestamp="2024-07-30T17:39:40 BST">
  <testcase classname="Tests.TestMethods" name="Shopping" time="0.393"/>
  <testcase classname="Tests.TestMethods" name="AddingItems" time="0.281"/>
  <testcase classname="Tests.TestMethods" name="Cart" time="0.134"/>
  <testcase classname="Tests.TestMethods" name="checkout" time="0.993"/>
  <testcase classname="Tests.TestMethods" name="Finish" time="0.278"/>
</testsuite> <!-- Default test -->
